<?xml version="1.0" encoding="UTF-8"?>
<!-- Generated by org.testng.reporters.JUnitXMLReporter -->
<testsuite ignored="1" hostname="TYC1121738-KARTHIK" failures="0" tests="1" name="Default test" time="11.089" errors="0" timestamp="2022-02-02T12:45:33 IST">
  <testcase classname="test.Sample_Maven_project.SampleTest" name="registerTC" time="11.043"/>
  <testcase classname="test.Sample_Maven_project.SampleTest" name="loginTC" time="0.0">
    <ignored/>
  </testcase> <!-- loginTC -->
</testsuite> <!-- Default test -->
